A-Integrator 0.1.55
 - Реализованиа сборка под Windows
 - Количество дополнительных статусов увеличено до 9
 - В конфиг файле AIntagrator.xml можно задвать название главного окна приложения, а также названия Модулей для отображнения на карточках
 - Добавлено отображение журнала работы на соотвествующей вкладке приложения
 - Реализованы попытки периодического подключения к TCP-порту, если порт занят
 - Конфиг-файл Москит-541 приведен в соответствие с описаниями Модулей, полученными от разработчиков

 Исправлены ошибки:
 - При передаче параметров при старте процесса передавалась единая строка (как один параметр). Реализована передача параметров, как это принято в ОС
 
 
----------
A-Integrator 0.1.36
 - Улучшения отображнея статусов
 - Добавлена поддержка пользовательских иконок
 - Выбор локализации (русская или английская)
 - Сохранение настроек

 
----------
A-Integrator 0.1.33 (Первая тестовая версия)
 - Чтение конфгурационных XML-файлов согласно выкладываемым ранее шаблонам
 - Отображение на ГИП карточек запускаемых модулей
 - Запуск программ согласно описанию в конфиг. файлах
 - Обработка подключений клиентов, взаимодействие согласно протоколу. Обработка команд:
HANDSHAKE, SET_STATE, SET_WORK_MODE, CONTROL_ACTION (в общем все, кроме SET_PARAMETERS)
 - Логирование работы